<?xml version="1.0" encoding="UTF-8"?>
<!-- Generated by org.testng.reporters.JUnitXMLReporter -->
<testsuite hostname="Dell-PC" ignored="1" name="Search" tests="5" failures="0" timestamp="2020-04-16T14:01:19 IST" time="253.143" errors="0">
  <testcase name="validateSearchData" time="38.224" classname="com.qa.setp.test.SearchPageTest"/>
  <testcase name="validateSearchData" time="27.309" classname="com.qa.setp.test.SearchPageTest"/>
  <testcase name="validateSearchData" time="30.613" classname="com.qa.setp.test.SearchPageTest"/>
  <testcase name="verifyLogoLink" time="8.072" classname="com.qa.setp.test.SeleniumEasyHomePageTest"/>
  <testcase name="verifyDemoLink" time="8.601" classname="com.qa.setp.test.SeleniumEasyHomePageTest"/>
  <testcase name="verifySearchTextBox" time="0.0" classname="com.qa.setp.test.SeleniumEasyHomePageTest">
    <ignored/>
  </testcase> <!-- verifySearchTextBox -->
</testsuite> <!-- Search -->
