<?xml version="1.0" encoding="UTF-8"?>
<!-- Generated by org.testng.reporters.JUnitXMLReporter -->
<testsuite hostname="Dell-PC" ignored="0" name="Test" tests="8" failures="0" timestamp="2020-04-13T12:51:39 IST" time="443.435" errors="0">
  <testcase name="verifyLogoLink" time="6.25" classname="com.qa.setp.test.SeleniumEasyHomePageTest">
    <skipped/>
  </testcase> <!-- verifyLogoLink -->
  <testcase name="verifySearchTextBox" time="6.262" classname="com.qa.setp.test.SeleniumEasyHomePageTest">
    <skipped/>
  </testcase> <!-- verifySearchTextBox -->
  <testcase name="verifyDemoLink" time="6.314" classname="com.qa.setp.test.SeleniumEasyHomePageTest"/>
  <testcase name="verifySearchTextBox" time="12.383" classname="com.qa.setp.test.SeleniumEasyHomePageTest">
    <skipped/>
  </testcase> <!-- verifySearchTextBox -->
  <testcase name="verifyLogoLink" time="12.373" classname="com.qa.setp.test.SeleniumEasyHomePageTest"/>
  <testcase name="verifySearchTextBox" time="59.72" classname="com.qa.setp.test.SeleniumEasyHomePageTest"/>
  <testcase name="verifySearchTextBox" time="58.549" classname="com.qa.setp.test.SeleniumEasyHomePageTest"/>
  <testcase name="verifySearchTextBox" time="35.445" classname="com.qa.setp.test.SeleniumEasyHomePageTest"/>
</testsuite> <!-- Test -->
