<?xml version="1.0" encoding="UTF-8"?>
<!-- Generated by org.testng.reporters.JUnitXMLReporter -->
<testsuite hostname="Dell-PC" ignored="1" name="Default test" tests="2" failures="0" timestamp="2020-04-13T16:06:44 IST" time="55.609" errors="0">
  <testcase name="verifyLogoLink" time="4.129" classname="com.qa.setp.test.SeleniumEasyHomePageTest"/>
  <testcase name="verifyDemoLink" time="6.075" classname="com.qa.setp.test.SeleniumEasyHomePageTest"/>
  <testcase name="verifySearchTextBox" time="0.0" classname="com.qa.setp.test.SeleniumEasyHomePageTest">
    <ignored/>
  </testcase> <!-- verifySearchTextBox -->
</testsuite> <!-- Default test -->
